{"name":"Log","hostname":"MacBook-Pro-de-Thais-2.local","pid":81598,"level":30,"version":"5.69.1","msg":"Ghost is running in development...","time":"2023-10-15T23:21:47.892Z","v":0}
{"name":"Log","hostname":"MacBook-Pro-de-Thais-2.local","pid":81598,"level":30,"version":"5.69.1","msg":"Listening on: 127.0.0.1:2369","time":"2023-10-15T23:21:47.892Z","v":0}
{"name":"Log","hostname":"MacBook-Pro-de-Thais-2.local","pid":81598,"level":30,"version":"5.69.1","msg":"Url configured as: http://localhost:2369/","time":"2023-10-15T23:21:47.893Z","v":0}
{"name":"Log","hostname":"MacBook-Pro-de-Thais-2.local","pid":81598,"level":30,"version":"5.69.1","msg":"Ctrl+C to shut down","time":"2023-10-15T23:21:47.893Z","v":0}
{"name":"Log","hostname":"MacBook-Pro-de-Thais-2.local","pid":81598,"level":30,"version":"5.69.1","msg":"Ghost server started in 0.362s","time":"2023-10-15T23:21:47.894Z","v":0}
{"name":"Log","hostname":"MacBook-Pro-de-Thais-2.local","pid":81598,"level":40,"version":"5.69.1","msg":"Database state requires initialisation.","time":"2023-10-15T23:21:48.103Z","v":0}
{"name":"Log","hostname":"MacBook-Pro-de-Thais-2.local","pid":81598,"level":30,"version":"5.69.1","msg":"Creating table: newsletters","time":"2023-10-15T23:21:48.237Z","v":0}
{"name":"Log","hostname":"MacBook-Pro-de-Thais-2.local","pid":81598,"level":30,"version":"5.69.1","msg":"Creating table: posts","time":"2023-10-15T23:21:48.277Z","v":0}
{"name":"Log","hostname":"MacBook-Pro-de-Thais-2.local","pid":81598,"level":30,"version":"5.69.1","msg":"Creating table: posts_meta","time":"2023-10-15T23:21:48.279Z","v":0}
{"name":"Log","hostname":"MacBook-Pro-de-Thais-2.local","pid":81598,"level":30,"version":"5.69.1","msg":"Creating table: users","time":"2023-10-15T23:21:48.280Z","v":0}
{"name":"Log","hostname":"MacBook-Pro-de-Thais-2.local","pid":81598,"level":30,"version":"5.69.1","msg":"Creating table: posts_authors","time":"2023-10-15T23:21:48.282Z","v":0}
{"name":"Log","hostname":"MacBook-Pro-de-Thais-2.local","pid":81598,"level":30,"version":"5.69.1","msg":"Creating table: roles","time":"2023-10-15T23:21:48.282Z","v":0}
{"name":"Log","hostname":"MacBook-Pro-de-Thais-2.local","pid":81598,"level":30,"version":"5.69.1","msg":"Creating table: roles_users","time":"2023-10-15T23:21:48.283Z","v":0}
{"name":"Log","hostname":"MacBook-Pro-de-Thais-2.local","pid":81598,"level":30,"version":"5.69.1","msg":"Creating table: permissions","time":"2023-10-15T23:21:48.284Z","v":0}
{"name":"Log","hostname":"MacBook-Pro-de-Thais-2.local","pid":81598,"level":30,"version":"5.69.1","msg":"Creating table: permissions_users","time":"2023-10-15T23:21:48.285Z","v":0}
{"name":"Log","hostname":"MacBook-Pro-de-Thais-2.local","pid":81598,"level":30,"version":"5.69.1","msg":"Creating table: permissions_roles","time":"2023-10-15T23:21:48.285Z","v":0}
{"name":"Log","hostname":"MacBook-Pro-de-Thais-2.local","pid":81598,"level":30,"version":"5.69.1","msg":"Creating table: settings","time":"2023-10-15T23:21:48.286Z","v":0}
{"name":"Log","hostname":"MacBook-Pro-de-Thais-2.local","pid":81598,"level":30,"version":"5.69.1","msg":"Creating table: tags","time":"2023-10-15T23:21:48.286Z","v":0}
{"name":"Log","hostname":"MacBook-Pro-de-Thais-2.local","pid":81598,"level":30,"version":"5.69.1","msg":"Creating table: posts_tags","time":"2023-10-15T23:21:48.287Z","v":0}
{"name":"Log","hostname":"MacBook-Pro-de-Thais-2.local","pid":81598,"level":30,"version":"5.69.1","msg":"Creating table: invites","time":"2023-10-15T23:21:48.288Z","v":0}
{"name":"Log","hostname":"MacBook-Pro-de-Thais-2.local","pid":81598,"level":30,"version":"5.69.1","msg":"Creating table: brute","time":"2023-10-15T23:21:48.289Z","v":0}
{"name":"Log","hostname":"MacBook-Pro-de-Thais-2.local","pid":81598,"level":30,"version":"5.69.1","msg":"Creating table: sessions","time":"2023-10-15T23:21:48.289Z","v":0}
{"name":"Log","hostname":"MacBook-Pro-de-Thais-2.local","pid":81598,"level":30,"version":"5.69.1","msg":"Creating table: integrations","time":"2023-10-15T23:21:48.290Z","v":0}
{"name":"Log","hostname":"MacBook-Pro-de-Thais-2.local","pid":81598,"level":30,"version":"5.69.1","msg":"Creating table: webhooks","time":"2023-10-15T23:21:48.291Z","v":0}
{"name":"Log","hostname":"MacBook-Pro-de-Thais-2.local","pid":81598,"level":30,"version":"5.69.1","msg":"Creating table: api_keys","time":"2023-10-15T23:21:48.292Z","v":0}
{"name":"Log","hostname":"MacBook-Pro-de-Thais-2.local","pid":81598,"level":30,"version":"5.69.1","msg":"Creating table: mobiledoc_revisions","time":"2023-10-15T23:21:48.293Z","v":0}
{"name":"Log","hostname":"MacBook-Pro-de-Thais-2.local","pid":81598,"level":30,"version":"5.69.1","msg":"Creating table: post_revisions","time":"2023-10-15T23:21:48.294Z","v":0}
{"name":"Log","hostname":"MacBook-Pro-de-Thais-2.local","pid":81598,"level":30,"version":"5.69.1","msg":"Creating table: members","time":"2023-10-15T23:21:48.295Z","v":0}
{"name":"Log","hostname":"MacBook-Pro-de-Thais-2.local","pid":81598,"level":30,"version":"5.69.1","msg":"Creating table: products","time":"2023-10-15T23:21:48.296Z","v":0}
{"name":"Log","hostname":"MacBook-Pro-de-Thais-2.local","pid":81598,"level":30,"version":"5.69.1","msg":"Creating table: offers","time":"2023-10-15T23:21:48.297Z","v":0}
{"name":"Log","hostname":"MacBook-Pro-de-Thais-2.local","pid":81598,"level":30,"version":"5.69.1","msg":"Creating table: benefits","time":"2023-10-15T23:21:48.298Z","v":0}
{"name":"Log","hostname":"MacBook-Pro-de-Thais-2.local","pid":81598,"level":30,"version":"5.69.1","msg":"Creating table: products_benefits","time":"2023-10-15T23:21:48.299Z","v":0}
{"name":"Log","hostname":"MacBook-Pro-de-Thais-2.local","pid":81598,"level":30,"version":"5.69.1","msg":"Creating table: members_products","time":"2023-10-15T23:21:48.300Z","v":0}
{"name":"Log","hostname":"MacBook-Pro-de-Thais-2.local","pid":81598,"level":30,"version":"5.69.1","msg":"Creating table: posts_products","time":"2023-10-15T23:21:48.300Z","v":0}
{"name":"Log","hostname":"MacBook-Pro-de-Thais-2.local","pid":81598,"level":30,"version":"5.69.1","msg":"Creating table: members_created_events","time":"2023-10-15T23:21:48.301Z","v":0}
{"name":"Log","hostname":"MacBook-Pro-de-Thais-2.local","pid":81598,"level":30,"version":"5.69.1","msg":"Creating table: members_cancel_events","time":"2023-10-15T23:21:48.301Z","v":0}
{"name":"Log","hostname":"MacBook-Pro-de-Thais-2.local","pid":81598,"level":30,"version":"5.69.1","msg":"Creating table: members_payment_events","time":"2023-10-15T23:21:48.301Z","v":0}
{"name":"Log","hostname":"MacBook-Pro-de-Thais-2.local","pid":81598,"level":30,"version":"5.69.1","msg":"Creating table: members_login_events","time":"2023-10-15T23:21:48.302Z","v":0}
{"name":"Log","hostname":"MacBook-Pro-de-Thais-2.local","pid":81598,"level":30,"version":"5.69.1","msg":"Creating table: members_email_change_events","time":"2023-10-15T23:21:48.302Z","v":0}
{"name":"Log","hostname":"MacBook-Pro-de-Thais-2.local","pid":81598,"level":30,"version":"5.69.1","msg":"Creating table: members_status_events","time":"2023-10-15T23:21:48.303Z","v":0}
{"name":"Log","hostname":"MacBook-Pro-de-Thais-2.local","pid":81598,"level":30,"version":"5.69.1","msg":"Creating table: members_product_events","time":"2023-10-15T23:21:48.303Z","v":0}
{"name":"Log","hostname":"MacBook-Pro-de-Thais-2.local","pid":81598,"level":30,"version":"5.69.1","msg":"Creating table: members_paid_subscription_events","time":"2023-10-15T23:21:48.304Z","v":0}
{"name":"Log","hostname":"MacBook-Pro-de-Thais-2.local","pid":81598,"level":30,"version":"5.69.1","msg":"Creating table: labels","time":"2023-10-15T23:21:48.304Z","v":0}
{"name":"Log","hostname":"MacBook-Pro-de-Thais-2.local","pid":81598,"level":30,"version":"5.69.1","msg":"Creating table: members_labels","time":"2023-10-15T23:21:48.305Z","v":0}
{"name":"Log","hostname":"MacBook-Pro-de-Thais-2.local","pid":81598,"level":30,"version":"5.69.1","msg":"Creating table: members_stripe_customers","time":"2023-10-15T23:21:48.306Z","v":0}
{"name":"Log","hostname":"MacBook-Pro-de-Thais-2.local","pid":81598,"level":30,"version":"5.69.1","msg":"Creating table: subscriptions","time":"2023-10-15T23:21:48.306Z","v":0}
{"name":"Log","hostname":"MacBook-Pro-de-Thais-2.local","pid":81598,"level":30,"version":"5.69.1","msg":"Creating table: members_stripe_customers_subscriptions","time":"2023-10-15T23:21:48.307Z","v":0}
{"name":"Log","hostname":"MacBook-Pro-de-Thais-2.local","pid":81598,"level":30,"version":"5.69.1","msg":"Creating table: members_subscription_created_events","time":"2023-10-15T23:21:48.308Z","v":0}
{"name":"Log","hostname":"MacBook-Pro-de-Thais-2.local","pid":81598,"level":30,"version":"5.69.1","msg":"Creating table: offer_redemptions","time":"2023-10-15T23:21:48.309Z","v":0}
{"name":"Log","hostname":"MacBook-Pro-de-Thais-2.local","pid":81598,"level":30,"version":"5.69.1","msg":"Creating table: members_subscribe_events","time":"2023-10-15T23:21:48.310Z","v":0}
{"name":"Log","hostname":"MacBook-Pro-de-Thais-2.local","pid":81598,"level":30,"version":"5.69.1","msg":"Creating table: donation_payment_events","time":"2023-10-15T23:21:48.310Z","v":0}
{"name":"Log","hostname":"MacBook-Pro-de-Thais-2.local","pid":81598,"level":30,"version":"5.69.1","msg":"Creating table: stripe_products","time":"2023-10-15T23:21:48.311Z","v":0}
{"name":"Log","hostname":"MacBook-Pro-de-Thais-2.local","pid":81598,"level":30,"version":"5.69.1","msg":"Creating table: stripe_prices","time":"2023-10-15T23:21:48.311Z","v":0}
{"name":"Log","hostname":"MacBook-Pro-de-Thais-2.local","pid":81598,"level":30,"version":"5.69.1","msg":"Creating table: actions","time":"2023-10-15T23:21:48.312Z","v":0}
{"name":"Log","hostname":"MacBook-Pro-de-Thais-2.local","pid":81598,"level":30,"version":"5.69.1","msg":"Creating table: emails","time":"2023-10-15T23:21:48.313Z","v":0}
{"name":"Log","hostname":"MacBook-Pro-de-Thais-2.local","pid":81598,"level":30,"version":"5.69.1","msg":"Creating table: email_batches","time":"2023-10-15T23:21:48.314Z","v":0}
{"name":"Log","hostname":"MacBook-Pro-de-Thais-2.local","pid":81598,"level":30,"version":"5.69.1","msg":"Creating table: email_recipients","time":"2023-10-15T23:21:48.314Z","v":0}
{"name":"Log","hostname":"MacBook-Pro-de-Thais-2.local","pid":81598,"level":30,"version":"5.69.1","msg":"Creating table: email_recipient_failures","time":"2023-10-15T23:21:48.317Z","v":0}
{"name":"Log","hostname":"MacBook-Pro-de-Thais-2.local","pid":81598,"level":30,"version":"5.69.1","msg":"Creating table: tokens","time":"2023-10-15T23:21:48.317Z","v":0}
{"name":"Log","hostname":"MacBook-Pro-de-Thais-2.local","pid":81598,"level":30,"version":"5.69.1","msg":"Creating table: snippets","time":"2023-10-15T23:21:48.318Z","v":0}
{"name":"Log","hostname":"MacBook-Pro-de-Thais-2.local","pid":81598,"level":30,"version":"5.69.1","msg":"Creating table: custom_theme_settings","time":"2023-10-15T23:21:48.319Z","v":0}
{"name":"Log","hostname":"MacBook-Pro-de-Thais-2.local","pid":81598,"level":30,"version":"5.69.1","msg":"Creating table: members_newsletters","time":"2023-10-15T23:21:48.320Z","v":0}
{"name":"Log","hostname":"MacBook-Pro-de-Thais-2.local","pid":81598,"level":30,"version":"5.69.1","msg":"Creating table: comments","time":"2023-10-15T23:21:48.320Z","v":0}
{"name":"Log","hostname":"MacBook-Pro-de-Thais-2.local","pid":81598,"level":30,"version":"5.69.1","msg":"Creating table: comment_likes","time":"2023-10-15T23:21:48.321Z","v":0}
{"name":"Log","hostname":"MacBook-Pro-de-Thais-2.local","pid":81598,"level":30,"version":"5.69.1","msg":"Creating table: comment_reports","time":"2023-10-15T23:21:48.321Z","v":0}
{"name":"Log","hostname":"MacBook-Pro-de-Thais-2.local","pid":81598,"level":30,"version":"5.69.1","msg":"Creating table: jobs","time":"2023-10-15T23:21:48.321Z","v":0}
{"name":"Log","hostname":"MacBook-Pro-de-Thais-2.local","pid":81598,"level":30,"version":"5.69.1","msg":"Creating table: redirects","time":"2023-10-15T23:21:48.322Z","v":0}
{"name":"Log","hostname":"MacBook-Pro-de-Thais-2.local","pid":81598,"level":30,"version":"5.69.1","msg":"Creating table: members_click_events","time":"2023-10-15T23:21:48.323Z","v":0}
{"name":"Log","hostname":"MacBook-Pro-de-Thais-2.local","pid":81598,"level":30,"version":"5.69.1","msg":"Creating table: members_feedback","time":"2023-10-15T23:21:48.323Z","v":0}
{"name":"Log","hostname":"MacBook-Pro-de-Thais-2.local","pid":81598,"level":30,"version":"5.69.1","msg":"Creating table: suppressions","time":"2023-10-15T23:21:48.324Z","v":0}
{"name":"Log","hostname":"MacBook-Pro-de-Thais-2.local","pid":81598,"level":30,"version":"5.69.1","msg":"Creating table: email_spam_complaint_events","time":"2023-10-15T23:21:48.324Z","v":0}
{"name":"Log","hostname":"MacBook-Pro-de-Thais-2.local","pid":81598,"level":30,"version":"5.69.1","msg":"Creating table: mentions","time":"2023-10-15T23:21:48.325Z","v":0}
{"name":"Log","hostname":"MacBook-Pro-de-Thais-2.local","pid":81598,"level":30,"version":"5.69.1","msg":"Creating table: milestones","time":"2023-10-15T23:21:48.326Z","v":0}
{"name":"Log","hostname":"MacBook-Pro-de-Thais-2.local","pid":81598,"level":30,"version":"5.69.1","msg":"Creating table: temp_mail_events","time":"2023-10-15T23:21:48.326Z","v":0}
{"name":"Log","hostname":"MacBook-Pro-de-Thais-2.local","pid":81598,"level":30,"version":"5.69.1","msg":"Creating table: collections","time":"2023-10-15T23:21:48.327Z","v":0}
{"name":"Log","hostname":"MacBook-Pro-de-Thais-2.local","pid":81598,"level":30,"version":"5.69.1","msg":"Creating table: collections_posts","time":"2023-10-15T23:21:48.327Z","v":0}
{"name":"Log","hostname":"MacBook-Pro-de-Thais-2.local","pid":81598,"level":30,"version":"5.69.1","msg":"Creating table: recommendations","time":"2023-10-15T23:21:48.328Z","v":0}
{"name":"Log","hostname":"MacBook-Pro-de-Thais-2.local","pid":81598,"level":30,"version":"5.69.1","msg":"Creating table: recommendation_click_events","time":"2023-10-15T23:21:48.329Z","v":0}
{"name":"Log","hostname":"MacBook-Pro-de-Thais-2.local","pid":81598,"level":30,"version":"5.69.1","msg":"Creating table: recommendation_subscribe_events","time":"2023-10-15T23:21:48.329Z","v":0}
{"name":"Log","hostname":"MacBook-Pro-de-Thais-2.local","pid":81598,"level":30,"version":"5.69.1","msg":"Model: Collection","time":"2023-10-15T23:21:48.685Z","v":0}
{"name":"Log","hostname":"MacBook-Pro-de-Thais-2.local","pid":81598,"level":30,"version":"5.69.1","msg":"Model: Product","time":"2023-10-15T23:21:48.688Z","v":0}
{"name":"Log","hostname":"MacBook-Pro-de-Thais-2.local","pid":81598,"level":30,"version":"5.69.1","msg":"Model: Newsletter","time":"2023-10-15T23:21:48.692Z","v":0}
{"name":"Log","hostname":"MacBook-Pro-de-Thais-2.local","pid":81598,"level":30,"version":"5.69.1","msg":"Model: Tag","time":"2023-10-15T23:21:48.695Z","v":0}
{"name":"Log","hostname":"MacBook-Pro-de-Thais-2.local","pid":81598,"level":30,"version":"5.69.1","msg":"Model: Permission","time":"2023-10-15T23:21:48.697Z","v":0}
{"name":"Log","hostname":"MacBook-Pro-de-Thais-2.local","pid":81598,"level":30,"version":"5.69.1","msg":"Model: Post","time":"2023-10-15T23:21:48.768Z","v":0}
{"name":"Log","hostname":"MacBook-Pro-de-Thais-2.local","pid":81598,"level":30,"version":"5.69.1","msg":"Model: Integration","time":"2023-10-15T23:21:48.977Z","v":0}
{"name":"Log","hostname":"MacBook-Pro-de-Thais-2.local","pid":81598,"level":30,"version":"5.69.1","msg":"Relation: Role to Permission","time":"2023-10-15T23:21:48.991Z","v":0}
{"name":"Log","hostname":"MacBook-Pro-de-Thais-2.local","pid":81598,"level":30,"version":"5.69.1","msg":"Relation: Post to Tag","time":"2023-10-15T23:21:49.062Z","v":0}
{"name":"Log","hostname":"MacBook-Pro-de-Thais-2.local","pid":81598,"level":30,"version":"5.69.1","msg":"Database is in a ready state.","time":"2023-10-15T23:21:49.090Z","v":0}
{"name":"Log","hostname":"MacBook-Pro-de-Thais-2.local","pid":81598,"level":30,"version":"5.69.1","msg":"Ghost database ready in 1.559s","time":"2023-10-15T23:21:49.090Z","v":0}
{"name":"Log","hostname":"MacBook-Pro-de-Thais-2.local","pid":81598,"level":30,"version":"5.69.1","msg":"Adding offloaded job to the queue","time":"2023-10-15T23:21:50.068Z","v":0}
{"name":"Log","hostname":"MacBook-Pro-de-Thais-2.local","pid":81598,"level":30,"version":"5.69.1","msg":"Scheduling job mentions-email-report at 10 26 * * * *. Next run on: Sun Oct 15 2023 18:26:10 GMT-0500 (Colombia Standard Time)","time":"2023-10-15T23:21:50.072Z","v":0}
{"name":"Log","hostname":"MacBook-Pro-de-Thais-2.local","pid":81598,"level":30,"version":"5.69.1","msg":"Adding one-off job to queue with current length = 0 called 'members-migrations'","time":"2023-10-15T23:21:50.198Z","v":0}
{"name":"Log","hostname":"MacBook-Pro-de-Thais-2.local","pid":81598,"level":30,"version":"5.69.1","msg":"Stripe not configured - skipping migrations","time":"2023-10-15T23:21:50.200Z","v":0}
{"name":"Log","hostname":"MacBook-Pro-de-Thais-2.local","pid":81598,"level":30,"version":"5.69.1","msg":"Ghost URL Service Ready in 2.944s","time":"2023-10-15T23:21:50.476Z","v":0}
{"name":"Log","hostname":"MacBook-Pro-de-Thais-2.local","pid":81598,"level":30,"version":"5.69.1","msg":"Adding offloaded job to the queue","time":"2023-10-15T23:21:50.694Z","v":0}
{"name":"Log","hostname":"MacBook-Pro-de-Thais-2.local","pid":81598,"level":30,"version":"5.69.1","msg":"Scheduling job clean-expired-comped at 22 28 5 * * *. Next run on: Mon Oct 16 2023 05:28:22 GMT-0500 (Colombia Standard Time)","time":"2023-10-15T23:21:50.701Z","v":0}
{"name":"Log","hostname":"MacBook-Pro-de-Thais-2.local","pid":81598,"level":30,"version":"5.69.1","msg":"Adding offloaded job to the queue","time":"2023-10-15T23:21:50.708Z","v":0}
{"name":"Log","hostname":"MacBook-Pro-de-Thais-2.local","pid":81598,"level":30,"version":"5.69.1","msg":"Scheduling job clean-tokens at 32 45 21 * * *. Next run on: Sun Oct 15 2023 21:45:32 GMT-0500 (Colombia Standard Time)","time":"2023-10-15T23:21:50.711Z","v":0}
{"name":"Log","hostname":"MacBook-Pro-de-Thais-2.local","pid":81598,"level":30,"version":"5.69.1","msg":"Ghost booted in 3.188s","time":"2023-10-15T23:21:50.719Z","v":0}
{"name":"Log","hostname":"MacBook-Pro-de-Thais-2.local","pid":81598,"level":30,"version":"5.69.1","msg":"Adding offloaded job to the queue","time":"2023-10-15T23:21:50.722Z","v":0}
{"name":"Log","hostname":"MacBook-Pro-de-Thais-2.local","pid":81598,"level":30,"version":"5.69.1","msg":"Scheduling job update-check at 31 44 14 * * *. Next run on: Mon Oct 16 2023 14:44:31 GMT-0500 (Colombia Standard Time)","time":"2023-10-15T23:21:50.725Z","v":0}
{"name":"Log","hostname":"MacBook-Pro-de-Thais-2.local","pid":81598,"level":30,"version":"5.69.1","msg":"Running milestone emails job on Sun Oct 15 2023 18:21:55 GMT-0500 (Colombia Standard Time)","time":"2023-10-15T23:21:50.732Z","v":0}
{"name":"Log","hostname":"MacBook-Pro-de-Thais-2.local","pid":81598,"level":40,"version":"5.69.1","msg":"Ghost is shutting down","time":"2023-10-15T23:21:56.455Z","v":0}
{"name":"Log","hostname":"MacBook-Pro-de-Thais-2.local","pid":81598,"level":40,"version":"5.69.1","msg":"Ghost has shut down","time":"2023-10-15T23:21:56.456Z","v":0}
{"name":"Log","hostname":"MacBook-Pro-de-Thais-2.local","pid":81598,"level":40,"version":"5.69.1","msg":"Ghost was running for a few seconds","time":"2023-10-15T23:21:56.457Z","v":0}
